-------------------------------------------------------------------------------
Test set: edu.unicen.tallerjava.todo.log.LogServiceTest
-------------------------------------------------------------------------------
Tests run: 1, Failures: 1, Errors: 0, Skipped: 0, Time elapsed: 0.986 s <<< FAILURE! -- in edu.unicen.tallerjava.todo.log.LogServiceTest
edu.unicen.tallerjava.todo.log.LogServiceTest.hasAllLogsConcurrent -- Time elapsed: 0.959 s <<< FAILURE!
org.opentest4j.AssertionFailedError: expected: <100000> but was: <99252>
	at org.junit.jupiter.api.AssertionFailureBuilder.build(AssertionFailureBuilder.java:151)
	at org.junit.jupiter.api.AssertionFailureBuilder.buildAndThrow(AssertionFailureBuilder.java:132)
	at org.junit.jupiter.api.AssertEquals.failNotEqual(AssertEquals.java:197)
	at org.junit.jupiter.api.AssertEquals.assertEquals(AssertEquals.java:150)
	at org.junit.jupiter.api.AssertEquals.assertEquals(AssertEquals.java:145)
	at org.junit.jupiter.api.Assertions.assertEquals(Assertions.java:531)
	at edu.unicen.tallerjava.todo.log.LogServiceTest.hasAllLogsConcurrent(LogServiceTest.java:78)
	at java.base/java.lang.reflect.Method.invoke(Method.java:565)
	at java.base/java.util.ArrayList.forEach(ArrayList.java:1612)
	at java.base/java.util.ArrayList.forEach(ArrayList.java:1612)

